2014-05-16 08:30:58.148 React-Touch[15006:a0b] Multi-tasking -> Device: YES, App: YES
2014-05-16 08:30:58.877 React-Touch[15006:a0b] Unlimited access to network resources
2014-05-16 08:30:59.058 React-Touch[15006:a0b] Fix applied for database locations?: YES
2014-05-16 08:31:01.198 React-Touch[15006:a0b] Resetting plugins due to page load.
2014-05-16 08:31:01.456 React-Touch[15006:a0b] Finished load of: file:///Users/nicholasstephan/Library/Application%20Support/iPhone%20Simulator/7.0.3/Applications/C385A505-3CC3-4AA8-9D28-D5D5F7EE5DAE/React-Touch.app/www/index.html
2014-05-16 09:05:28.420 React-Touch[16739:a0b] Multi-tasking -> Device: YES, App: YES
2014-05-16 09:05:28.426 React-Touch[16739:a0b] Unlimited access to network resources
2014-05-16 09:05:28.621 React-Touch[16739:a0b] Resetting plugins due to page load.
2014-05-16 09:05:29.093 React-Touch[16739:a0b] Finished load of: file:///Users/nicholasstephan/Library/Application%20Support/iPhone%20Simulator/7.0.3/Applications/C385A505-3CC3-4AA8-9D28-D5D5F7EE5DAE/React-Touch.app/www/index.html
2014-05-18 10:09:42.934 React-Touch[16399:70b] Multi-tasking -> Device: YES, App: YES
2014-05-18 10:09:42.985 React-Touch[16399:70b] Unlimited access to network resources
2014-05-18 10:09:43.817 React-Touch[16399:70b] Resetting plugins due to page load.
2014-05-18 10:09:43.975 React-Touch[16399:70b] Finished load of: file:///Users/nicholasstephan/Library/Application%20Support/iPhone%20Simulator/7.1/Applications/BAFCFFE4-EE15-428D-A6F1-7F16FE244F0A/React-Touch.app/www/index.html
2014-05-18 10:11:25.989 React-Touch[16399:70b] Received memory warning.
2014-05-18 10:18:49.405 React-Touch[17019:70b] Multi-tasking -> Device: YES, App: YES
2014-05-18 10:18:49.454 React-Touch[17019:70b] Unlimited access to network resources
2014-05-18 10:18:50.199 React-Touch[17019:70b] Resetting plugins due to page load.
2014-05-18 10:18:50.349 React-Touch[17019:70b] Finished load of: file:///Users/nicholasstephan/Library/Application%20Support/iPhone%20Simulator/7.1/Applications/BAFCFFE4-EE15-428D-A6F1-7F16FE244F0A/React-Touch.app/www/index.html
2014-05-18 10:20:43.617 React-Touch[17351:70b] Multi-tasking -> Device: YES, App: YES
2014-05-18 10:20:43.626 React-Touch[17351:70b] Unlimited access to network resources
2014-05-18 10:20:43.797 React-Touch[17351:70b] Resetting plugins due to page load.
2014-05-18 10:20:45.457 React-Touch[17351:70b] Finished load of: file:///Users/nicholasstephan/Library/Application%20Support/iPhone%20Simulator/7.1/Applications/BAFCFFE4-EE15-428D-A6F1-7F16FE244F0A/React-Touch.app/www/index.html
2014-05-18 10:22:32.287 React-Touch[17674:70b] Multi-tasking -> Device: YES, App: YES
2014-05-18 10:22:32.297 React-Touch[17674:70b] Unlimited access to network resources
2014-05-18 10:22:32.420 React-Touch[17674:70b] Resetting plugins due to page load.
2014-05-18 10:22:34.345 React-Touch[17674:70b] Finished load of: file:///Users/nicholasstephan/Library/Application%20Support/iPhone%20Simulator/7.1/Applications/BAFCFFE4-EE15-428D-A6F1-7F16FE244F0A/React-Touch.app/www/index.html
2014-05-18 10:32:45.359 React-Touch[18077:70b] Multi-tasking -> Device: YES, App: YES
2014-05-18 10:32:45.402 React-Touch[18077:70b] Unlimited access to network resources
2014-05-18 10:32:45.928 React-Touch[18077:70b] Resetting plugins due to page load.
2014-05-18 10:32:47.859 React-Touch[18077:70b] Finished load of: file:///Users/nicholasstephan/Library/Application%20Support/iPhone%20Simulator/7.1/Applications/BAFCFFE4-EE15-428D-A6F1-7F16FE244F0A/React-Touch.app/www/index.html
2014-05-18 10:35:47.135 React-Touch[18415:70b] Multi-tasking -> Device: YES, App: YES
2014-05-18 10:35:47.144 React-Touch[18415:70b] Unlimited access to network resources
2014-05-18 10:35:47.261 React-Touch[18415:70b] Resetting plugins due to page load.
2014-05-18 10:35:48.180 React-Touch[18415:70b] Finished load of: file:///Users/nicholasstephan/Library/Application%20Support/iPhone%20Simulator/7.1/Applications/BAFCFFE4-EE15-428D-A6F1-7F16FE244F0A/React-Touch.app/www/index.html
2014-05-18 10:37:36.038 React-Touch[19117:70b] Multi-tasking -> Device: YES, App: YES
2014-05-18 10:37:36.063 React-Touch[19117:70b] Unlimited access to network resources
2014-05-18 10:37:36.624 React-Touch[19117:70b] Resetting plugins due to page load.
2014-05-18 10:37:37.980 React-Touch[19117:70b] Finished load of: file:///Users/nicholasstephan/Library/Application%20Support/iPhone%20Simulator/7.1/Applications/BAFCFFE4-EE15-428D-A6F1-7F16FE244F0A/React-Touch.app/www/index.html
